{"numFailedTestSuites":2,"numFailedTests":2,"numPassedTestSuites":0,"numPassedTests":0,"numPendingTestSuites":0,"numPendingTests":0,"numRuntimeErrorTestSuites":0,"numTodoTests":0,"numTotalTestSuites":2,"numTotalTests":2,"openHandles":[],"snapshot":{"added":0,"didUpdate":false,"failure":false,"filesAdded":0,"filesRemoved":0,"filesRemovedList":[],"filesUnmatched":0,"filesUpdated":0,"matched":0,"total":0,"unchecked":0,"uncheckedKeysByFile":[],"unmatched":0,"updated":0},"startTime":1784021101973,"success":false,"testResults":[{"assertionResults":[{"ancestorTitles":["LoginPage"],"duration":5249,"failing":false,"failureDetails":[{"message":"thrown: \"Exceeded timeout of 5000 ms for a test.\nAdd a timeout value to this test to increase the timeout, if this is a long-running test. See https://jestjs.io/docs/api#testname-fn-timeout.\""}],"failureMessages":["Error: thrown: \"Exceeded timeout of 5000 ms for a test.\nAdd a timeout value to this test to increase the timeout, if this is a long-running test. See https://jestjs.io/docs/api#testname-fn-timeout.\"\n    at C:\\Users\\PC\\Documents\\SIMS\\src\\pages\\auth\\LoginPage.test.tsx:16:3\n    at _dispatchDescribe (C:\\Users\\PC\\Documents\\SIMS\\node_modules\\jest-circus\\build\\jestAdapterInit.js:608:26)\n    at describe (C:\\Users\\PC\\Documents\\SIMS\\node_modules\\jest-circus\\build\\jestAdapterInit.js:576:44)\n    at Object.<anonymous> (C:\\Users\\PC\\Documents\\SIMS\\src\\pages\\auth\\LoginPage.test.tsx:15:1)\n    at ModuleExecutor.exec (C:\\Users\\PC\\Documents\\SIMS\\node_modules\\jest-runtime\\build\\index.js:2078:26)\n    at CjsLoader.loadModule (C:\\Users\\PC\\Documents\\SIMS\\node_modules\\jest-runtime\\build\\index.js:323:36)\n    at CjsLoader.requireModule (C:\\Users\\PC\\Documents\\SIMS\\node_modules\\jest-runtime\\build\\index.js:289:12)\n    at Runtime.requireModule (C:\\Users\\PC\\Documents\\SIMS\\node_modules\\jest-runtime\\build\\index.js:3657:27)\n    at jestAdapter (C:\\Users\\PC\\Documents\\SIMS\\node_modules\\jest-circus\\build\\runner.js:96:13)\n    at runTestInternal (C:\\Users\\PC\\Documents\\SIMS\\node_modules\\jest-runner\\build\\index.js:276:16)\n    at runTest (C:\\Users\\PC\\Documents\\SIMS\\node_modules\\jest-runner\\build\\index.js:344:7)"],"fullName":"LoginPage renders the login form and allows submitting with valid input","invocations":1,"location":null,"numPassingAsserts":3,"retryReasons":[],"startAt":1784021108780,"status":"failed","title":"renders the login form and allows submitting with valid input"}],"endTime":1784021114294,"message":"\u001b[1m\u001b[31m  \u001b[1m● \u001b[22m\u001b[1mLoginPage › renders the login form and allows submitting with valid input\u001b[39m\u001b[22m\n\n    thrown: \"Exceeded timeout of 5000 ms for a test.\n    Add a timeout value to this test to increase the timeout, if this is a long-running test. See https://jestjs.io/docs/api#testname-fn-timeout.\"\n\u001b[2m\u001b[22m\n\u001b[2m    \u001b[0m \u001b[90m 14 |\u001b[39m\u001b[22m\n\u001b[2m     \u001b[90m 15 |\u001b[39m describe(\u001b[32m'LoginPage'\u001b[39m\u001b[33m,\u001b[39m () \u001b[33m=>\u001b[39m {\u001b[22m\n\u001b[2m    \u001b[31m\u001b[1m>\u001b[22m\u001b[2m\u001b[39m\u001b[90m 16 |\u001b[39m   it(\u001b[32m'renders the login form and allows submitting with valid input'\u001b[39m\u001b[33m,\u001b[39m \u001b[36masync\u001b[39m () \u001b[33m=>\u001b[39m {\u001b[22m\n\u001b[2m     \u001b[90m    |\u001b[39m   \u001b[31m\u001b[1m^\u001b[22m\u001b[2m\u001b[39m\u001b[22m\n\u001b[2m     \u001b[90m 17 |\u001b[39m     \u001b[36mconst\u001b[39m user \u001b[33m=\u001b[39m userEvent\u001b[33m.\u001b[39msetup()\u001b[33m;\u001b[39m\u001b[22m\n\u001b[2m     \u001b[90m 18 |\u001b[39m\u001b[22m\n\u001b[2m     \u001b[90m 19 |\u001b[39m     render(\u001b[0m\u001b[22m\n\u001b[2m\u001b[22m\n\u001b[2m      \u001b[2mat \u001b[22m\u001b[2m\u001b[0m\u001b[36msrc/pages/auth/LoginPage.test.tsx\u001b[39m\u001b[0m\u001b[2m:16:3\u001b[22m\u001b[2m\u001b[22m\n\u001b[2m      \u001b[2mat Object.<anonymous> (\u001b[22m\u001b[2m\u001b[0m\u001b[36msrc/pages/auth/LoginPage.test.tsx\u001b[39m\u001b[0m\u001b[2m:15:1)\u001b[22m\u001b[2m\u001b[22m\n","name":"C:\\Users\\PC\\Documents\\SIMS\\src\\pages\\auth\\LoginPage.test.tsx","startTime":1784021106617,"status":"failed","summary":""},{"assertionResults":[{"ancestorTitles":["ForgotPasswordPage"],"duration":5079,"failing":false,"failureDetails":[{"message":"thrown: \"Exceeded timeout of 5000 ms for a test.\nAdd a timeout value to this test to increase the timeout, if this is a long-running test. See https://jestjs.io/docs/api#testname-fn-timeout.\""}],"failureMessages":["Error: thrown: \"Exceeded timeout of 5000 ms for a test.\nAdd a timeout value to this test to increase the timeout, if this is a long-running test. See https://jestjs.io/docs/api#testname-fn-timeout.\"\n    at C:\\Users\\PC\\Documents\\SIMS\\src\\pages\\auth\\ForgotPasswordPage.test.tsx:16:3\n    at _dispatchDescribe (C:\\Users\\PC\\Documents\\SIMS\\node_modules\\jest-circus\\build\\jestAdapterInit.js:608:26)\n    at describe (C:\\Users\\PC\\Documents\\SIMS\\node_modules\\jest-circus\\build\\jestAdapterInit.js:576:44)\n    at Object.<anonymous> (C:\\Users\\PC\\Documents\\SIMS\\src\\pages\\auth\\ForgotPasswordPage.test.tsx:15:1)\n    at ModuleExecutor.exec (C:\\Users\\PC\\Documents\\SIMS\\node_modules\\jest-runtime\\build\\index.js:2078:26)\n    at CjsLoader.loadModule (C:\\Users\\PC\\Documents\\SIMS\\node_modules\\jest-runtime\\build\\index.js:323:36)\n    at CjsLoader.requireModule (C:\\Users\\PC\\Documents\\SIMS\\node_modules\\jest-runtime\\build\\index.js:289:12)\n    at Runtime.requireModule (C:\\Users\\PC\\Documents\\SIMS\\node_modules\\jest-runtime\\build\\index.js:3657:27)\n    at jestAdapter (C:\\Users\\PC\\Documents\\SIMS\\node_modules\\jest-circus\\build\\runner.js:96:13)\n    at runTestInternal (C:\\Users\\PC\\Documents\\SIMS\\node_modules\\jest-runner\\build\\index.js:276:16)\n    at runTest (C:\\Users\\PC\\Documents\\SIMS\\node_modules\\jest-runner\\build\\index.js:344:7)"],"fullName":"ForgotPasswordPage renders the reset form and shows a success message after submission","invocations":1,"location":null,"numPassingAsserts":0,"retryReasons":[],"startAt":1784021117789,"status":"failed","title":"renders the reset form and shows a success message after submission"}],"endTime":1784021122899,"message":"\u001b[1m\u001b[31m  \u001b[1m● \u001b[22m\u001b[1mForgotPasswordPage › renders the reset form and shows a success message after submission\u001b[39m\u001b[22m\n\n    thrown: \"Exceeded timeout of 5000 ms for a test.\n    Add a timeout value to this test to increase the timeout, if this is a long-running test. See https://jestjs.io/docs/api#testname-fn-timeout.\"\n\u001b[2m\u001b[22m\n\u001b[2m    \u001b[0m \u001b[90m 14 |\u001b[39m\u001b[22m\n\u001b[2m     \u001b[90m 15 |\u001b[39m describe(\u001b[32m'ForgotPasswordPage'\u001b[39m\u001b[33m,\u001b[39m () \u001b[33m=>\u001b[39m {\u001b[22m\n\u001b[2m    \u001b[31m\u001b[1m>\u001b[22m\u001b[2m\u001b[39m\u001b[90m 16 |\u001b[39m   it(\u001b[32m'renders the reset form and shows a success message after submission'\u001b[39m\u001b[33m,\u001b[39m \u001b[36masync\u001b[39m () \u001b[33m=>\u001b[39m {\u001b[22m\n\u001b[2m     \u001b[90m    |\u001b[39m   \u001b[31m\u001b[1m^\u001b[22m\u001b[2m\u001b[39m\u001b[22m\n\u001b[2m     \u001b[90m 17 |\u001b[39m     \u001b[36mconst\u001b[39m user \u001b[33m=\u001b[39m userEvent\u001b[33m.\u001b[39msetup()\u001b[33m;\u001b[39m\u001b[22m\n\u001b[2m     \u001b[90m 18 |\u001b[39m\u001b[22m\n\u001b[2m     \u001b[90m 19 |\u001b[39m     render(\u001b[0m\u001b[22m\n\u001b[2m\u001b[22m\n\u001b[2m      \u001b[2mat \u001b[22m\u001b[2m\u001b[0m\u001b[36msrc/pages/auth/ForgotPasswordPage.test.tsx\u001b[39m\u001b[0m\u001b[2m:16:3\u001b[22m\u001b[2m\u001b[22m\n\u001b[2m      \u001b[2mat Object.<anonymous> (\u001b[22m\u001b[2m\u001b[0m\u001b[36msrc/pages/auth/ForgotPasswordPage.test.tsx\u001b[39m\u001b[0m\u001b[2m:15:1)\u001b[22m\u001b[2m\u001b[22m\n","name":"C:\\Users\\PC\\Documents\\SIMS\\src\\pages\\auth\\ForgotPasswordPage.test.tsx","startTime":1784021114822,"status":"failed","summary":""}],"wasInterrupted":false}
